#
# A fatal error has been detected by the Java Runtime Environment:
#
#  Internal Error (t:/workspace/open/src/hotspot/share/oops/generateOopMap.cpp:2162), pid=1400, tid=17120
#  fatal error: Illegal class file encountered. Try running with -Xverify:all in method peakDetection2
#
# JRE version: Java(TM) SE Runtime Environment (10.0.2+13) (build 10.0.2+13)
# Java VM: Java HotSpot(TM) 64-Bit Server VM (10.0.2+13, mixed mode, tiered, compressed oops, g1 gc, windows-amd64)
# No core dump will be written. Minidumps are not enabled by default on client versions of Windows
#
# If you would like to submit a bug report, please visit:
#   http://bugreport.java.com/bugreport/crash.jsp
#

---------------  S U M M A R Y ------------

Command Line: -agentlib:jdwp=transport=dt_socket,address=127.0.0.1:65504,suspend=y,server=n -javaagent:C:\Users\tufar\.IdeaIC2018.2\system\captureAgent\debugger-agent.jar=file:/C:/Users/tufar/AppData/Local/Temp/capture.props -Dfile.encoding=UTF-8 Main

Host: Intel(R) Core(TM) i5-2500K CPU @ 3.30GHz, 4 cores, 11G,  Windows 10 , 64 bit Build 16299 (10.0.16299.431)
Time: Tue Sep 04 19:09:09 2018 Eastern Summer Time elapsed time: 906 seconds (0d 0h 15m 6s)

---------------  T H R E A D  ---------------

Current thread (0x0000020f2f212800):  VMThread "VM Thread" [stack: 0x000000f62c500000,0x000000f62c600000] [id=17120]

Stack: [0x000000f62c500000,0x000000f62c600000]
[error occurred during error reporting (printing stack bounds), id 0xe0000000]

Native frames: (J=compiled Java code, j=interpreted, Vv=VM code, C=native code)
V  [jvm.dll+0x5a01a9]
V  [jvm.dll+0x6bcf31]
V  [jvm.dll+0x6be126]
V  [jvm.dll+0x6be715]
V  [jvm.dll+0x6be6cb]
V  [jvm.dll+0x59f993]
V  [jvm.dll+0x59fda8]
C  [ntdll.dll+0xa50bd]
C  [ntdll.dll+0x1d278]
C  [ntdll.dll+0xa3fee]
C  0x0000020f162f0ead

VM_Operation (0x000000f62cfff1a0): GetOrSetLocal, mode: safepoint, requested by thread 0x0000020f2f747000


---------------  P R O C E S S  ---------------

Threads class SMR info:
_java_thread_list=0x0000020f2f833560, length=14, elements={
0x0000020f0af67000, 0x0000020f2f218800, 0x0000020f2f21a000, 0x0000020f2f272800,
0x0000020f2f274800, 0x0000020f2f277800, 0x0000020f2f27a000, 0x0000020f2f2e8800,
0x0000020f2f2e9800, 0x0000020f2f747000, 0x0000020f2f514000, 0x0000020f2f52c000,
0x0000020f2f746000, 0x0000020f2f83a000
}

Java Threads: ( => current thread )
  0x0000020f0af67000 JavaThread "main" [_thread_blocked, id=12516, stack(0x000000f62b900000,0x000000f62ba00000)]
  0x0000020f2f218800 JavaThread "Reference Handler" daemon [_thread_blocked, id=10360, stack(0x000000f62c600000,0x000000f62c700000)]
  0x0000020f2f21a000 JavaThread "Finalizer" daemon [_thread_blocked, id=13060, stack(0x000000f62c700000,0x000000f62c800000)]
  0x0000020f2f272800 JavaThread "Signal Dispatcher" daemon [_thread_blocked, id=13372, stack(0x000000f62c900000,0x000000f62ca00000)]
  0x0000020f2f274800 JavaThread "Attach Listener" daemon [_thread_blocked, id=15840, stack(0x000000f62ca00000,0x000000f62cb00000)]
  0x0000020f2f277800 JavaThread "C2 CompilerThread0" daemon [_thread_blocked, id=10072, stack(0x000000f62cb00000,0x000000f62cc00000)]
  0x0000020f2f27a000 JavaThread "C2 CompilerThread1" daemon [_thread_blocked, id=5840, stack(0x000000f62cc00000,0x000000f62cd00000)]
  0x0000020f2f2e8800 JavaThread "C1 CompilerThread2" daemon [_thread_blocked, id=16476, stack(0x000000f62cd00000,0x000000f62ce00000)]
  0x0000020f2f2e9800 JavaThread "Sweeper thread" daemon [_thread_blocked, id=1560, stack(0x000000f62ce00000,0x000000f62cf00000)]
  0x0000020f2f747000 JavaThread "JDWP Transport Listener: dt_socket" daemon [_thread_blocked, id=16540, stack(0x000000f62cf00000,0x000000f62d000000)] _threads_hazard_ptr=0x0000020f2f833560
  0x0000020f2f514000 JavaThread "JDWP Event Helper Thread" daemon [_thread_blocked, id=14732, stack(0x000000f62d000000,0x000000f62d100000)]
  0x0000020f2f52c000 JavaThread "JDWP Command Reader" daemon [_thread_in_native, id=2424, stack(0x000000f62d100000,0x000000f62d200000)]
  0x0000020f2f746000 JavaThread "Common-Cleaner" daemon [_thread_blocked, id=9060, stack(0x000000f62d200000,0x000000f62d300000)]
  0x0000020f2f83a000 JavaThread "Service Thread" daemon [_thread_blocked, id=10076, stack(0x000000f62d300000,0x000000f62d400000)]

Other Threads:
=>0x0000020f2f212800 VMThread "VM Thread" [stack: 0x000000f62c500000,0x000000f62c600000] [id=17120]
  0x0000020f2f83c000 WatcherThread [stack: 0x000000f62d400000,0x000000f62d500000] [id=12612]
  0x0000020f0af82000 GCTaskThread "GC Thread#0" [stack: 0x000000f62ba00000,0x000000f62bb00000] [id=780]
  0x0000020f0af83800 GCTaskThread "GC Thread#1" [stack: 0x000000f62bb00000,0x000000f62bc00000] [id=12912]
  0x0000020f0af85000 GCTaskThread "GC Thread#2" [stack: 0x000000f62bc00000,0x000000f62bd00000] [id=5440]
  0x0000020f0af87800 GCTaskThread "GC Thread#3" [stack: 0x000000f62bd00000,0x000000f62be00000] [id=2016]
  0x0000020f0b02f000 ConcurrentGCThread "G1 Main Marker" [stack: 0x000000f62be00000,0x000000f62bf00000] [id=11532]
  0x0000020f0b032000 ConcurrentGCThread "G1 Conc#0" [stack: 0x000000f62bf00000,0x000000f62c000000] [id=2336]
  0x0000020f2e894000 ConcurrentGCThread "G1 Refine#0" [stack: 0x000000f62c000000,0x000000f62c100000] [id=12868]
  0x0000020f2e895000 ConcurrentGCThread "G1 Refine#1" [stack: 0x000000f62c100000,0x000000f62c200000] [id=9532]
  0x0000020f2e896000 ConcurrentGCThread "G1 Refine#2" [stack: 0x000000f62c200000,0x000000f62c300000] [id=15372]
  0x0000020f2e897000 ConcurrentGCThread "G1 Refine#3" [stack: 0x000000f62c300000,0x000000f62c400000] [id=4816]
  0x0000020f2e89a800 ConcurrentGCThread "G1 Young RemSet Sampling" [stack: 0x000000f62c400000,0x000000f62c500000] [id=10212]

Threads with active compile tasks:

VM state:at safepoint (normal execution)

VM Mutex/Monitor currently owned by a thread:  ([mutex/lock_event])
[0x0000020f0af654d0] Threads_lock - owner thread: 0x0000020f2f212800

Heap address: 0x0000000700800000, size: 3064 MB, Compressed Oops mode: Zero based, Oop shift amount: 3
Narrow klass base: 0x0000000000000000, Narrow klass shift: 3
Compressed class space size: 1073741824 Address: 0x00000007c0000000

Heap:
 garbage-first heap   total 196608K, used 61686K [0x0000000700800000, 0x00000007c0000000)
  region size 1024K, 62 young (63488K), 2 survivors (2048K)
 Metaspace       used 6619K, capacity 6741K, committed 7040K, reserved 1056768K
  class space    used 526K, capacity 583K, committed 640K, reserved 1048576K
Heap Regions: E=young(eden), S=young(survivor), O=old, HS=humongous(starts), HC=humongous(continues), CS=collection set, F=free, A=archive, TS=gc time stamp, AC=allocation context, TAMS=top-at-mark-start (previous, next)
|   0|0x0000000700800000, 0x0000000700800000, 0x0000000700900000|  0%| F|  |TS  0|AC  0|TAMS 0x0000000700800000, 0x0000000700800000|
|   1|0x0000000700900000, 0x0000000700900000, 0x0000000700a00000|  0%| F|  |TS  0|AC  0|TAMS 0x0000000700900000, 0x0000000700900000|
|   2|0x0000000700a00000, 0x0000000700a00000, 0x0000000700b00000|  0%| F|  |TS  0|AC  0|TAMS 0x0000000700a00000, 0x0000000700a00000|
|   3|0x0000000700b00000, 0x0000000700b00000, 0x0000000700c00000|  0%| F|  |TS  0|AC  0|TAMS 0x0000000700b00000, 0x0000000700b00000|
|   4|0x0000000700c00000, 0x0000000700c00000, 0x0000000700d00000|  0%| F|  |TS  0|AC  0|TAMS 0x0000000700c00000, 0x0000000700c00000|
|   5|0x0000000700d00000, 0x0000000700d00000, 0x0000000700e00000|  0%| F|  |TS  0|AC  0|TAMS 0x0000000700d00000, 0x0000000700d00000|
|   6|0x0000000700e00000, 0x0000000700e00000, 0x0000000700f00000|  0%| F|  |TS  0|AC  0|TAMS 0x0000000700e00000, 0x0000000700e00000|
|   7|0x0000000700f00000, 0x0000000700f00000, 0x0000000701000000|  0%| F|  |TS  0|AC  0|TAMS 0x0000000700f00000, 0x0000000700f00000|
|   8|0x0000000701000000, 0x0000000701000000, 0x0000000701100000|  0%| F|  |TS  0|AC  0|TAMS 0x0000000701000000, 0x0000000701000000|
|   9|0x0000000701100000, 0x0000000701100000, 0x0000000701200000|  0%| F|  |TS  0|AC  0|TAMS 0x0000000701100000, 0x0000000701100000|
|  10|0x0000000701200000, 0x0000000701200000, 0x0000000701300000|  0%| F|  |TS  0|AC  0|TAMS 0x0000000701200000, 0x0000000701200000|
|  11|0x0000000701300000, 0x0000000701300000, 0x0000000701400000|  0%| F|  |TS  0|AC  0|TAMS 0x0000000701300000, 0x0000000701300000|
|  12|0x0000000701400000, 0x0000000701400000, 0x0000000701500000|  0%| F|  |TS  0|AC  0|TAMS 0x0000000701400000, 0x0000000701400000|
|  13|0x0000000701500000, 0x0000000701500000, 0x0000000701600000|  0%| F|  |TS  0|AC  0|TAMS 0x0000000701500000, 0x0000000701500000|
|  14|0x0000000701600000, 0x0000000701600000, 0x0000000701700000|  0%| F|  |TS  0|AC  0|TAMS 0x0000000701600000, 0x0000000701600000|
|  15|0x0000000701700000, 0x0000000701700000, 0x0000000701800000|  0%| F|  |TS  0|AC  0|TAMS 0x0000000701700000, 0x0000000701700000|
|  16|0x0000000701800000, 0x0000000701800000, 0x0000000701900000|  0%| F|  |TS  0|AC  0|TAMS 0x0000000701800000, 0x0000000701800000|
|  17|0x0000000701900000, 0x0000000701900000, 0x0000000701a00000|  0%| F|  |TS  0|AC  0|TAMS 0x0000000701900000, 0x0000000701900000|
|  18|0x0000000701a00000, 0x0000000701a00000, 0x0000000701b00000|  0%| F|  |TS  0|AC  0|TAMS 0x0000000701a00000, 0x0000000701a00000|
|  19|0x0000000701b00000, 0x0000000701b00000, 0x0000000701c00000|  0%| F|  |TS  0|AC  0|TAMS 0x0000000701b00000, 0x0000000701b00000|
|  20|0x0000000701c00000, 0x0000000701c00000, 0x0000000701d00000|  0%| F|  |TS  0|AC  0|TAMS 0x0000000701c00000, 0x0000000701c00000|
|  21|0x0000000701d00000, 0x0000000701d00000, 0x0000000701e00000|  0%| F|  |TS  0|AC  0|TAMS 0x0000000701d00000, 0x0000000701d00000|
|  22|0x0000000701e00000, 0x0000000701e00000, 0x0000000701f00000|  0%| F|  |TS  0|AC  0|TAMS 0x0000000701e00000, 0x0000000701e00000|
|  23|0x0000000701f00000, 0x0000000701f00000, 0x0000000702000000|  0%| F|  |TS  0|AC  0|TAMS 0x0000000701f00000, 0x0000000701f00000|
|  24|0x0000000702000000, 0x0000000702000000, 0x0000000702100000|  0%| F|  |TS  0|AC  0|TAMS 0x0000000702000000, 0x0000000702000000|
|  25|0x0000000702100000, 0x0000000702100000, 0x0000000702200000|  0%| F|  |TS  0|AC  0|TAMS 0x0000000702100000, 0x0000000702100000|
|  26|0x0000000702200000, 0x0000000702200000, 0x0000000702300000|  0%| F|  |TS  0|AC  0|TAMS 0x0000000702200000, 0x0000000702200000|
|  27|0x0000000702300000, 0x0000000702300000, 0x0000000702400000|  0%| F|  |TS  0|AC  0|TAMS 0x0000000702300000, 0x0000000702300000|
|  28|0x0000000702400000, 0x0000000702400000, 0x0000000702500000|  0%| F|  |TS  0|AC  0|TAMS 0x0000000702400000, 0x0000000702400000|
|  29|0x0000000702500000, 0x0000000702500000, 0x0000000702600000|  0%| F|  |TS  0|AC  0|TAMS 0x0000000702500000, 0x0000000702500000|
|  30|0x0000000702600000, 0x0000000702600000, 0x0000000702700000|  0%| F|  |TS  0|AC  0|TAMS 0x0000000702600000, 0x0000000702600000|
|  31|0x0000000702700000, 0x0000000702700000, 0x0000000702800000|  0%| F|  |TS  0|AC  0|TAMS 0x0000000702700000, 0x0000000702700000|
|  32|0x0000000702800000, 0x0000000702800000, 0x0000000702900000|  0%| F|  |TS  0|AC  0|TAMS 0x0000000702800000, 0x0000000702800000|
|  33|0x0000000702900000, 0x0000000702900000, 0x0000000702a00000|  0%| F|  |TS  0|AC  0|TAMS 0x0000000702900000, 0x0000000702900000|
|  34|0x0000000702a00000, 0x0000000702a00000, 0x0000000702b00000|  0%| F|  |TS  0|AC  0|TAMS 0x0000000702a00000, 0x0000000702a00000|
|  35|0x0000000702b00000, 0x0000000702b00000, 0x0000000702c00000|  0%| F|  |TS  0|AC  0|TAMS 0x0000000702b00000, 0x0000000702b00000|
|  36|0x0000000702c00000, 0x0000000702c00000, 0x0000000702d00000|  0%| F|  |TS  0|AC  0|TAMS 0x0000000702c00000, 0x0000000702c00000|
|  37|0x0000000702d00000, 0x0000000702d00000, 0x0000000702e00000|  0%| F|  |TS  0|AC  0|TAMS 0x0000000702d00000, 0x0000000702d00000|
|  38|0x0000000702e00000, 0x0000000702e00000, 0x0000000702f00000|  0%| F|  |TS  0|AC  0|TAMS 0x0000000702e00000, 0x0000000702e00000|
|  39|0x0000000702f00000, 0x0000000702f00000, 0x0000000703000000|  0%| F|  |TS  0|AC  0|TAMS 0x0000000702f00000, 0x0000000702f00000|
|  40|0x0000000703000000, 0x0000000703000000, 0x0000000703100000|  0%| F|  |TS  0|AC  0|TAMS 0x0000000703000000, 0x0000000703000000|
|  41|0x0000000703100000, 0x0000000703100000, 0x0000000703200000|  0%| F|  |TS  0|AC  0|TAMS 0x0000000703100000, 0x0000000703100000|
|  42|0x0000000703200000, 0x0000000703200000, 0x0000000703300000|  0%| F|  |TS  0|AC  0|TAMS 0x0000000703200000, 0x0000000703200000|
|  43|0x0000000703300000, 0x0000000703300000, 0x0000000703400000|  0%| F|  |TS  0|AC  0|TAMS 0x0000000703300000, 0x0000000703300000|
|  44|0x0000000703400000, 0x0000000703400000, 0x0000000703500000|  0%| F|  |TS  0|AC  0|TAMS 0x0000000703400000, 0x0000000703400000|
|  45|0x0000000703500000, 0x0000000703500000, 0x0000000703600000|  0%| F|  |TS  0|AC  0|TAMS 0x0000000703500000, 0x0000000703500000|
|  46|0x0000000703600000, 0x0000000703600000, 0x0000000703700000|  0%| F|  |TS  0|AC  0|TAMS 0x0000000703600000, 0x0000000703600000|
|  47|0x0000000703700000, 0x0000000703700000, 0x0000000703800000|  0%| F|  |TS  0|AC  0|TAMS 0x0000000703700000, 0x0000000703700000|
|  48|0x0000000703800000, 0x0000000703800000, 0x0000000703900000|  0%| F|  |TS  0|AC  0|TAMS 0x0000000703800000, 0x0000000703800000|
|  49|0x0000000703900000, 0x0000000703900000, 0x0000000703a00000|  0%| F|  |TS  0|AC  0|TAMS 0x0000000703900000, 0x0000000703900000|
|  50|0x0000000703a00000, 0x0000000703a00000, 0x0000000703b00000|  0%| F|  |TS  0|AC  0|TAMS 0x0000000703a00000, 0x0000000703a00000|
|  51|0x0000000703b00000, 0x0000000703b00000, 0x0000000703c00000|  0%| F|  |TS  0|AC  0|TAMS 0x0000000703b00000, 0x0000000703b00000|
|  52|0x0000000703c00000, 0x0000000703c00000, 0x0000000703d00000|  0%| F|  |TS  0|AC  0|TAMS 0x0000000703c00000, 0x0000000703c00000|
|  53|0x0000000703d00000, 0x0000000703d00000, 0x0000000703e00000|  0%| F|  |TS  0|AC  0|TAMS 0x0000000703d00000, 0x0000000703d00000|
|  54|0x0000000703e00000, 0x0000000703e00000, 0x0000000703f00000|  0%| F|  |TS  0|AC  0|TAMS 0x0000000703e00000, 0x0000000703e00000|
|  55|0x0000000703f00000, 0x0000000703f00000, 0x0000000704000000|  0%| F|  |TS  0|AC  0|TAMS 0x0000000703f00000, 0x0000000703f00000|
|  56|0x0000000704000000, 0x0000000704000000, 0x0000000704100000|  0%| F|  |TS  0|AC  0|TAMS 0x0000000704000000, 0x0000000704000000|
|  57|0x0000000704100000, 0x0000000704100000, 0x0000000704200000|  0%| F|  |TS  0|AC  0|TAMS 0x0000000704100000, 0x0000000704100000|
|  58|0x0000000704200000, 0x0000000704200000, 0x0000000704300000|  0%| F|  |TS  0|AC  0|TAMS 0x0000000704200000, 0x0000000704200000|
|  59|0x0000000704300000, 0x0000000704300000, 0x0000000704400000|  0%| F|  |TS  0|AC  0|TAMS 0x0000000704300000, 0x0000000704300000|
|  60|0x0000000704400000, 0x0000000704400000, 0x0000000704500000|  0%| F|  |TS  0|AC  0|TAMS 0x0000000704400000, 0x0000000704400000|
|  61|0x0000000704500000, 0x0000000704500000, 0x0000000704600000|  0%| F|  |TS  0|AC  0|TAMS 0x0000000704500000, 0x0000000704500000|
|  62|0x0000000704600000, 0x0000000704600000, 0x0000000704700000|  0%| F|  |TS  0|AC  0|TAMS 0x0000000704600000, 0x0000000704600000|
|  63|0x0000000704700000, 0x0000000704700000, 0x0000000704800000|  0%| F|  |TS  0|AC  0|TAMS 0x0000000704700000, 0x0000000704700000|
|  64|0x0000000704800000, 0x0000000704800000, 0x0000000704900000|  0%| F|  |TS  0|AC  0|TAMS 0x0000000704800000, 0x0000000704800000|
|  65|0x0000000704900000, 0x0000000704900000, 0x0000000704a00000|  0%| F|  |TS  0|AC  0|TAMS 0x0000000704900000, 0x0000000704900000|
|  66|0x0000000704a00000, 0x0000000704a00000, 0x0000000704b00000|  0%| F|  |TS  0|AC  0|TAMS 0x0000000704a00000, 0x0000000704a00000|
|  67|0x0000000704b00000, 0x0000000704b00000, 0x0000000704c00000|  0%| F|  |TS  0|AC  0|TAMS 0x0000000704b00000, 0x0000000704b00000|
|  68|0x0000000704c00000, 0x0000000704c00000, 0x0000000704d00000|  0%| F|  |TS  0|AC  0|TAMS 0x0000000704c00000, 0x0000000704c00000|
|  69|0x0000000704d00000, 0x0000000704d00000, 0x0000000704e00000|  0%| F|  |TS  0|AC  0|TAMS 0x0000000704d00000, 0x0000000704d00000|
|  70|0x0000000704e00000, 0x0000000704e00000, 0x0000000704f00000|  0%| F|  |TS  0|AC  0|TAMS 0x0000000704e00000, 0x0000000704e00000|
|  71|0x0000000704f00000, 0x0000000704f00000, 0x0000000705000000|  0%| F|  |TS  0|AC  0|TAMS 0x0000000704f00000, 0x0000000704f00000|
|  72|0x0000000705000000, 0x0000000705000000, 0x0000000705100000|  0%| F|  |TS  0|AC  0|TAMS 0x0000000705000000, 0x0000000705000000|
|  73|0x0000000705100000, 0x0000000705100000, 0x0000000705200000|  0%| F|  |TS  0|AC  0|TAMS 0x0000000705100000, 0x0000000705100000|
|  74|0x0000000705200000, 0x0000000705200000, 0x0000000705300000|  0%| F|  |TS  0|AC  0|TAMS 0x0000000705200000, 0x0000000705200000|
|  75|0x0000000705300000, 0x000000070533da18, 0x0000000705400000| 24%| S|CS|TS  2|AC  0|TAMS 0x0000000705300000, 0x0000000705300000|
|  76|0x0000000705400000, 0x0000000705500000, 0x0000000705500000|100%| S|CS|TS  2|AC  0|TAMS 0x0000000705400000, 0x0000000705400000|
|  77|0x0000000705500000, 0x0000000705500000, 0x0000000705600000|  0%| F|  |TS  2|AC  0|TAMS 0x0000000705500000, 0x0000000705500000|
|  78|0x0000000705600000, 0x0000000705600000, 0x0000000705700000|  0%| F|  |TS  2|AC  0|TAMS 0x0000000705600000, 0x0000000705600000|
|  79|0x0000000705700000, 0x0000000705700000, 0x0000000705800000|  0%| F|  |TS  2|AC  0|TAMS 0x0000000705700000, 0x0000000705700000|
|  80|0x0000000705800000, 0x0000000705800000, 0x0000000705900000|  0%| F|  |TS  2|AC  0|TAMS 0x0000000705800000, 0x0000000705800000|
|  81|0x0000000705900000, 0x0000000705900000, 0x0000000705a00000|  0%| F|  |TS  2|AC  0|TAMS 0x0000000705900000, 0x0000000705900000|
|  82|0x0000000705a00000, 0x0000000705a00000, 0x0000000705b00000|  0%| F|  |TS  2|AC  0|TAMS 0x0000000705a00000, 0x0000000705a00000|
|  83|0x0000000705b00000, 0x0000000705b00000, 0x0000000705c00000|  0%| F|  |TS  2|AC  0|TAMS 0x0000000705b00000, 0x0000000705b00000|
|  84|0x0000000705c00000, 0x0000000705c00000, 0x0000000705d00000|  0%| F|  |TS  2|AC  0|TAMS 0x0000000705c00000, 0x0000000705c00000|
|  85|0x0000000705d00000, 0x0000000705d00000, 0x0000000705e00000|  0%| F|  |TS  2|AC  0|TAMS 0x0000000705d00000, 0x0000000705d00000|
|  86|0x0000000705e00000, 0x0000000705e00000, 0x0000000705f00000|  0%| F|  |TS  2|AC  0|TAMS 0x0000000705e00000, 0x0000000705e00000|
|  87|0x0000000705f00000, 0x0000000705f00000, 0x0000000706000000|  0%| F|  |TS  2|AC  0|TAMS 0x0000000705f00000, 0x0000000705f00000|
|  88|0x0000000706000000, 0x0000000706000000, 0x0000000706100000|  0%| F|  |TS  2|AC  0|TAMS 0x0000000706000000, 0x0000000706000000|
|  89|0x0000000706100000, 0x0000000706100000, 0x0000000706200000|  0%| F|  |TS  2|AC  0|TAMS 0x0000000706100000, 0x0000000706100000|
|  90|0x0000000706200000, 0x0000000706200000, 0x0000000706300000|  0%| F|  |TS  2|AC  0|TAMS 0x0000000706200000, 0x0000000706200000|
|  91|0x0000000706300000, 0x0000000706300000, 0x0000000706400000|  0%| F|  |TS  2|AC  0|TAMS 0x0000000706300000, 0x0000000706300000|
|  92|0x0000000706400000, 0x0000000706400000, 0x0000000706500000|  0%| F|  |TS  2|AC  0|TAMS 0x0000000706400000, 0x0000000706400000|
|  93|0x0000000706500000, 0x0000000706500000, 0x0000000706600000|  0%| F|  |TS  2|AC  0|TAMS 0x0000000706500000, 0x0000000706500000|
|  94|0x0000000706600000, 0x0000000706600000, 0x0000000706700000|  0%| F|  |TS  2|AC  0|TAMS 0x0000000706600000, 0x0000000706600000|
|  95|0x0000000706700000, 0x0000000706700000, 0x0000000706800000|  0%| F|  |TS  2|AC  0|TAMS 0x0000000706700000, 0x0000000706700000|
|  96|0x0000000706800000, 0x0000000706800000, 0x0000000706900000|  0%| F|  |TS  2|AC  0|TAMS 0x0000000706800000, 0x0000000706800000|
|  97|0x0000000706900000, 0x0000000706900000, 0x0000000706a00000|  0%| F|  |TS  2|AC  0|TAMS 0x0000000706900000, 0x0000000706900000|
|  98|0x0000000706a00000, 0x0000000706a00000, 0x0000000706b00000|  0%| F|  |TS  2|AC  0|TAMS 0x0000000706a00000, 0x0000000706a00000|
|  99|0x0000000706b00000, 0x0000000706b00000, 0x0000000706c00000|  0%| F|  |TS  2|AC  0|TAMS 0x0000000706b00000, 0x0000000706b00000|
| 100|0x0000000706c00000, 0x0000000706c00000, 0x0000000706d00000|  0%| F|  |TS  2|AC  0|TAMS 0x0000000706c00000, 0x0000000706c00000|
| 101|0x0000000706d00000, 0x0000000706d00000, 0x0000000706e00000|  0%| F|  |TS  2|AC  0|TAMS 0x0000000706d00000, 0x0000000706d00000|
| 102|0x0000000706e00000, 0x0000000706e00000, 0x0000000706f00000|  0%| F|  |TS  2|AC  0|TAMS 0x0000000706e00000, 0x0000000706e00000|
| 103|0x0000000706f00000, 0x0000000706f00000, 0x0000000707000000|  0%| F|  |TS  2|AC  0|TAMS 0x0000000706f00000, 0x0000000706f00000|
| 104|0x0000000707000000, 0x0000000707000000, 0x0000000707100000|  0%| F|  |TS  2|AC  0|TAMS 0x0000000707000000, 0x0000000707000000|
| 105|0x0000000707100000, 0x0000000707100000, 0x0000000707200000|  0%| F|  |TS  2|AC  0|TAMS 0x0000000707100000, 0x0000000707100000|
| 106|0x0000000707200000, 0x0000000707200000, 0x0000000707300000|  0%| F|  |TS  2|AC  0|TAMS 0x0000000707200000, 0x0000000707200000|
| 107|0x0000000707300000, 0x0000000707300000, 0x0000000707400000|  0%| F|  |TS  2|AC  0|TAMS 0x0000000707300000, 0x0000000707300000|
| 108|0x0000000707400000, 0x0000000707400000, 0x0000000707500000|  0%| F|  |TS  2|AC  0|TAMS 0x0000000707400000, 0x0000000707400000|
| 109|0x0000000707500000, 0x0000000707500000, 0x0000000707600000|  0%| F|  |TS  2|AC  0|TAMS 0x0000000707500000, 0x0000000707500000|
| 110|0x0000000707600000, 0x0000000707600000, 0x0000000707700000|  0%| F|  |TS  2|AC  0|TAMS 0x0000000707600000, 0x0000000707600000|
| 111|0x0000000707700000, 0x0000000707700000, 0x0000000707800000|  0%| F|  |TS  2|AC  0|TAMS 0x0000000707700000, 0x0000000707700000|
| 112|0x0000000707800000, 0x0000000707800000, 0x0000000707900000|  0%| F|  |TS  2|AC  0|TAMS 0x0000000707800000, 0x0000000707800000|
| 113|0x0000000707900000, 0x0000000707900000, 0x0000000707a00000|  0%| F|  |TS  2|AC  0|TAMS 0x0000000707900000, 0x0000000707900000|
| 114|0x0000000707a00000, 0x0000000707a00000, 0x0000000707b00000|  0%| F|  |TS  2|AC  0|TAMS 0x0000000707a00000, 0x0000000707a00000|
| 115|0x0000000707b00000, 0x0000000707b00000, 0x0000000707c00000|  0%| F|  |TS  2|AC  0|TAMS 0x0000000707b00000, 0x0000000707b00000|
| 116|0x0000000707c00000, 0x0000000707c00000, 0x0000000707d00000|  0%| F|  |TS  2|AC  0|TAMS 0x0000000707c00000, 0x0000000707c00000|
| 117|0x0000000707d00000, 0x0000000707d00000, 0x0000000707e00000|  0%| F|  |TS  2|AC  0|TAMS 0x0000000707d00000, 0x0000000707d00000|
| 118|0x0000000707e00000, 0x0000000707e00000, 0x0000000707f00000|  0%| F|  |TS  2|AC  0|TAMS 0x0000000707e00000, 0x0000000707e00000|
| 119|0x0000000707f00000, 0x0000000707f00000, 0x0000000708000000|  0%| F|  |TS  2|AC  0|TAMS 0x0000000707f00000, 0x0000000707f00000|
| 120|0x0000000708000000, 0x0000000708000000, 0x0000000708100000|  0%| F|  |TS  2|AC  0|TAMS 0x0000000708000000, 0x0000000708000000|
| 121|0x0000000708100000, 0x0000000708100000, 0x0000000708200000|  0%| F|  |TS  2|AC  0|TAMS 0x0000000708100000, 0x0000000708100000|
| 122|0x0000000708200000, 0x0000000708200000, 0x0000000708300000|  0%| F|  |TS  2|AC  0|TAMS 0x0000000708200000, 0x0000000708200000|
| 123|0x0000000708300000, 0x0000000708300000, 0x0000000708400000|  0%| F|  |TS  2|AC  0|TAMS 0x0000000708300000, 0x0000000708300000|
| 124|0x0000000708400000, 0x0000000708400000, 0x0000000708500000|  0%| F|  |TS  2|AC  0|TAMS 0x0000000708400000, 0x0000000708400000|
| 125|0x0000000708500000, 0x0000000708500000, 0x0000000708600000|  0%| F|  |TS  2|AC  0|TAMS 0x0000000708500000, 0x0000000708500000|
| 126|0x0000000708600000, 0x0000000708600000, 0x0000000708700000|  0%| F|  |TS  2|AC  0|TAMS 0x0000000708600000, 0x0000000708600000|
| 127|0x0000000708700000, 0x0000000708700000, 0x0000000708800000|  0%| F|  |TS  2|AC  0|TAMS 0x0000000708700000, 0x0000000708700000|
| 128|0x0000000708800000, 0x0000000708800000, 0x0000000708900000|  0%| F|  |TS  2|AC  0|TAMS 0x0000000708800000, 0x0000000708800000|
| 129|0x0000000708900000, 0x0000000708900000, 0x0000000708a00000|  0%| F|  |TS  2|AC  0|TAMS 0x0000000708900000, 0x0000000708900000|
| 130|0x0000000708a00000, 0x0000000708a00000, 0x0000000708b00000|  0%| F|  |TS  2|AC  0|TAMS 0x0000000708a00000, 0x0000000708a00000|
| 131|0x0000000708b00000, 0x0000000708b00000, 0x0000000708c00000|  0%| F|  |TS  2|AC  0|TAMS 0x0000000708b00000, 0x0000000708b00000|
| 132|0x0000000708c00000, 0x0000000708d00000, 0x0000000708d00000|100%| E|  |TS  2|AC  0|TAMS 0x0000000708c00000, 0x0000000708c00000|
| 133|0x0000000708d00000, 0x0000000708e00000, 0x0000000708e00000|100%| E|CS|TS  2|AC  0|TAMS 0x0000000708d00000, 0x0000000708d00000|
| 134|0x0000000708e00000, 0x0000000708f00000, 0x0000000708f00000|100%| E|CS|TS  2|AC  0|TAMS 0x0000000708e00000, 0x0000000708e00000|
| 135|0x0000000708f00000, 0x0000000709000000, 0x0000000709000000|100%| E|CS|TS  2|AC  0|TAMS 0x0000000708f00000, 0x0000000708f00000|
| 136|0x0000000709000000, 0x0000000709100000, 0x0000000709100000|100%| E|CS|TS  2|AC  0|TAMS 0x0000000709000000, 0x0000000709000000|
| 137|0x0000000709100000, 0x0000000709200000, 0x0000000709200000|100%| E|CS|TS  2|AC  0|TAMS 0x0000000709100000, 0x0000000709100000|
| 138|0x0000000709200000, 0x0000000709300000, 0x0000000709300000|100%| E|CS|TS  2|AC  0|TAMS 0x0000000709200000, 0x0000000709200000|
| 139|0x0000000709300000, 0x0000000709400000, 0x0000000709400000|100%| E|CS|TS  2|AC  0|TAMS 0x0000000709300000, 0x0000000709300000|
| 140|0x0000000709400000, 0x0000000709500000, 0x0000000709500000|100%| E|CS|TS  2|AC  0|TAMS 0x0000000709400000, 0x0000000709400000|
| 141|0x0000000709500000, 0x0000000709600000, 0x0000000709600000|100%| E|CS|TS  2|AC  0|TAMS 0x0000000709500000, 0x0000000709500000|
| 142|0x0000000709600000, 0x0000000709700000, 0x0000000709700000|100%| E|CS|TS  2|AC  0|TAMS 0x0000000709600000, 0x0000000709600000|
| 143|0x0000000709700000, 0x0000000709800000, 0x0000000709800000|100%| E|CS|TS  2|AC  0|TAMS 0x0000000709700000, 0x0000000709700000|
| 144|0x0000000709800000, 0x0000000709900000, 0x0000000709900000|100%| E|CS|TS  2|AC  0|TAMS 0x0000000709800000, 0x0000000709800000|
| 145|0x0000000709900000, 0x0000000709a00000, 0x0000000709a00000|100%| E|CS|TS  2|AC  0|TAMS 0x0000000709900000, 0x0000000709900000|
| 146|0x0000000709a00000, 0x0000000709b00000, 0x0000000709b00000|100%| E|CS|TS  2|AC  0|TAMS 0x0000000709a00000, 0x0000000709a00000|
| 147|0x0000000709b00000, 0x0000000709c00000, 0x0000000709c00000|100%| E|CS|TS  2|AC  0|TAMS 0x0000000709b00000, 0x0000000709b00000|
| 148|0x0000000709c00000, 0x0000000709d00000, 0x0000000709d00000|100%| E|CS|TS  2|AC  0|TAMS 0x0000000709c00000, 0x0000000709c00000|
| 149|0x0000000709d00000, 0x0000000709e00000, 0x0000000709e00000|100%| E|CS|TS  2|AC  0|TAMS 0x0000000709d00000, 0x0000000709d00000|
| 150|0x0000000709e00000, 0x0000000709f00000, 0x0000000709f00000|100%| E|CS|TS  2|AC  0|TAMS 0x0000000709e00000, 0x0000000709e00000|
| 151|0x0000000709f00000, 0x000000070a000000, 0x000000070a000000|100%| E|CS|TS  2|AC  0|TAMS 0x0000000709f00000, 0x0000000709f00000|
| 152|0x000000070a000000, 0x000000070a100000, 0x000000070a100000|100%| E|CS|TS  2|AC  0|TAMS 0x000000070a000000, 0x000000070a000000|
| 153|0x000000070a100000, 0x000000070a200000, 0x000000070a200000|100%| E|CS|TS  2|AC  0|TAMS 0x000000070a100000, 0x000000070a100000|
| 154|0x000000070a200000, 0x000000070a300000, 0x000000070a300000|100%| E|CS|TS  2|AC  0|TAMS 0x000000070a200000, 0x000000070a200000|
| 155|0x000000070a300000, 0x000000070a400000, 0x000000070a400000|100%| E|CS|TS  2|AC  0|TAMS 0x000000070a300000, 0x000000070a300000|
| 156|0x000000070a400000, 0x000000070a500000, 0x000000070a500000|100%| E|CS|TS  2|AC  0|TAMS 0x000000070a400000, 0x000000070a400000|
| 157|0x000000070a500000, 0x000000070a600000, 0x000000070a600000|100%| E|CS|TS  2|AC  0|TAMS 0x000000070a500000, 0x000000070a500000|
| 158|0x000000070a600000, 0x000000070a700000, 0x000000070a700000|100%| E|CS|TS  2|AC  0|TAMS 0x000000070a600000, 0x000000070a600000|
| 159|0x000000070a700000, 0x000000070a800000, 0x000000070a800000|100%| E|CS|TS  2|AC  0|TAMS 0x000000070a700000, 0x000000070a700000|
| 160|0x000000070a800000, 0x000000070a900000, 0x000000070a900000|100%| E|CS|TS  2|AC  0|TAMS 0x000000070a800000, 0x000000070a800000|
| 161|0x000000070a900000, 0x000000070aa00000, 0x000000070aa00000|100%| E|CS|TS  2|AC  0|TAMS 0x000000070a900000, 0x000000070a900000|
| 162|0x000000070aa00000, 0x000000070ab00000, 0x000000070ab00000|100%| E|CS|TS  2|AC  0|TAMS 0x000000070aa00000, 0x000000070aa00000|
| 163|0x000000070ab00000, 0x000000070ac00000, 0x000000070ac00000|100%| E|CS|TS  2|AC  0|TAMS 0x000000070ab00000, 0x000000070ab00000|
| 164|0x000000070ac00000, 0x000000070ad00000, 0x000000070ad00000|100%| E|CS|TS  2|AC  0|TAMS 0x000000070ac00000, 0x000000070ac00000|
| 165|0x000000070ad00000, 0x000000070ae00000, 0x000000070ae00000|100%| E|CS|TS  2|AC  0|TAMS 0x000000070ad00000, 0x000000070ad00000|
| 166|0x000000070ae00000, 0x000000070af00000, 0x000000070af00000|100%| E|CS|TS  2|AC  0|TAMS 0x000000070ae00000, 0x000000070ae00000|
| 167|0x000000070af00000, 0x000000070b000000, 0x000000070b000000|100%| E|CS|TS  2|AC  0|TAMS 0x000000070af00000, 0x000000070af00000|
| 168|0x000000070b000000, 0x000000070b100000, 0x000000070b100000|100%| E|CS|TS  2|AC  0|TAMS 0x000000070b000000, 0x000000070b000000|
| 169|0x000000070b100000, 0x000000070b200000, 0x000000070b200000|100%| E|CS|TS  2|AC  0|TAMS 0x000000070b100000, 0x000000070b100000|
| 170|0x000000070b200000, 0x000000070b300000, 0x000000070b300000|100%| E|CS|TS  2|AC  0|TAMS 0x000000070b200000, 0x000000070b200000|
| 171|0x000000070b300000, 0x000000070b400000, 0x000000070b400000|100%| E|CS|TS  2|AC  0|TAMS 0x000000070b300000, 0x000000070b300000|
| 172|0x000000070b400000, 0x000000070b500000, 0x000000070b500000|100%| E|CS|TS  2|AC  0|TAMS 0x000000070b400000, 0x000000070b400000|
| 173|0x000000070b500000, 0x000000070b600000, 0x000000070b600000|100%| E|CS|TS  2|AC  0|TAMS 0x000000070b500000, 0x000000070b500000|
| 174|0x000000070b600000, 0x000000070b700000, 0x000000070b700000|100%| E|CS|TS  2|AC  0|TAMS 0x000000070b600000, 0x000000070b600000|
| 175|0x000000070b700000, 0x000000070b800000, 0x000000070b800000|100%| E|CS|TS  2|AC  0|TAMS 0x000000070b700000, 0x000000070b700000|
| 176|0x000000070b800000, 0x000000070b900000, 0x000000070b900000|100%| E|CS|TS  2|AC  0|TAMS 0x000000070b800000, 0x000000070b800000|
| 177|0x000000070b900000, 0x000000070ba00000, 0x000000070ba00000|100%| E|CS|TS  2|AC  0|TAMS 0x000000070b900000, 0x000000070b900000|
| 178|0x000000070ba00000, 0x000000070bb00000, 0x000000070bb00000|100%| E|CS|TS  2|AC  0|TAMS 0x000000070ba00000, 0x000000070ba00000|
| 179|0x000000070bb00000, 0x000000070bc00000, 0x000000070bc00000|100%| E|CS|TS  2|AC  0|TAMS 0x000000070bb00000, 0x000000070bb00000|
| 180|0x000000070bc00000, 0x000000070bd00000, 0x000000070bd00000|100%| E|CS|TS  2|AC  0|TAMS 0x000000070bc00000, 0x000000070bc00000|
| 181|0x000000070bd00000, 0x000000070be00000, 0x000000070be00000|100%| E|CS|TS  2|AC  0|TAMS 0x000000070bd00000, 0x000000070bd00000|
| 182|0x000000070be00000, 0x000000070bf00000, 0x000000070bf00000|100%| E|CS|TS  2|AC  0|TAMS 0x000000070be00000, 0x000000070be00000|
| 183|0x000000070bf00000, 0x000000070c000000, 0x000000070c000000|100%| E|CS|TS  2|AC  0|TAMS 0x000000070bf00000, 0x000000070bf00000|
| 184|0x000000070c000000, 0x000000070c100000, 0x000000070c100000|100%| E|CS|TS  2|AC  0|TAMS 0x000000070c000000, 0x000000070c000000|
| 185|0x000000070c100000, 0x000000070c200000, 0x000000070c200000|100%| E|CS|TS  2|AC  0|TAMS 0x000000070c100000, 0x000000070c100000|
| 186|0x000000070c200000, 0x000000070c300000, 0x000000070c300000|100%| E|CS|TS  2|AC  0|TAMS 0x000000070c200000, 0x000000070c200000|
| 187|0x000000070c300000, 0x000000070c400000, 0x000000070c400000|100%| E|CS|TS  2|AC  0|TAMS 0x000000070c300000, 0x000000070c300000|
| 188|0x000000070c400000, 0x000000070c500000, 0x000000070c500000|100%| E|CS|TS  2|AC  0|TAMS 0x000000070c400000, 0x000000070c400000|
| 189|0x000000070c500000, 0x000000070c600000, 0x000000070c600000|100%| E|CS|TS  2|AC  0|TAMS 0x000000070c500000, 0x000000070c500000|
| 190|0x000000070c600000, 0x000000070c700000, 0x000000070c700000|100%| E|CS|TS  2|AC  0|TAMS 0x000000070c600000, 0x000000070c600000|
| 191|0x000000070c700000, 0x000000070c800000, 0x000000070c800000|100%| E|CS|TS  2|AC  0|TAMS 0x000000070c700000, 0x000000070c700000|

Card table byte_map: [0x0000020f258f0000,0x0000020f25ef0000] byte_map_base: 0x0000020f220ec000

Marking Bits (Prev, Next): (CMBitMap*) 0x0000020f0b02e310, (CMBitMap*) 0x0000020f0b02e348
 Prev Bits: [0x0000020f264f0000, 0x0000020f294d0000)
 Next Bits: [0x0000020f294d0000, 0x0000020f2c4b0000)

Polling page: 0x0000020f08d80000

CodeHeap 'non-profiled nmethods': size=120064Kb used=237Kb max_used=237Kb free=119826Kb
 bounds [0x0000020f1ddb0000, 0x0000020f1e020000, 0x0000020f252f0000]
CodeHeap 'profiled nmethods': size=120000Kb used=896Kb max_used=896Kb free=119104Kb
 bounds [0x0000020f16880000, 0x0000020f16af0000, 0x0000020f1ddb0000]
CodeHeap 'non-nmethods': size=5696Kb used=1136Kb max_used=1174Kb free=4560Kb
 bounds [0x0000020f162f0000, 0x0000020f16560000, 0x0000020f16880000]
 total_blobs=997 nmethods=507 adapters=261
 compilation: enabled

Compilation events (10 events):
Event: 0.563 Thread 0x0000020f2f27a000 nmethod 477 0x0000020f1dddcb90 code [0x0000020f1dddce00, 0x0000020f1ddde2a0]
Event: 0.563 Thread 0x0000020f2f27a000  489       4       Complex::times (54 bytes)
Event: 0.565 Thread 0x0000020f2f27a000 nmethod 489 0x0000020f1dddf590 code [0x0000020f1dddf740, 0x0000020f1dddf8b8]
Event: 0.565 Thread 0x0000020f2f27a000  491       4       Complex::plus (34 bytes)
Event: 0.566 Thread 0x0000020f2f27a000 nmethod 491 0x0000020f1dddfa10 code [0x0000020f1dddfbc0, 0x0000020f1dddfd18]
Event: 0.566 Thread 0x0000020f2f27a000  492       4       Complex::minus (34 bytes)
Event: 0.567 Thread 0x0000020f2f27a000 nmethod 492 0x0000020f1dddfe10 code [0x0000020f1dddffc0, 0x0000020f1dde0118]
Event: 0.567 Thread 0x0000020f2f27a000  488       4       Complex::<init> (15 bytes)
Event: 0.568 Thread 0x0000020f2f27a000 nmethod 488 0x0000020f1dde0210 code [0x0000020f1dde03a0, 0x0000020f1dde0418]
Event: 0.988 Thread 0x0000020f2f277800 nmethod 490 0x0000020f1dde0490 code [0x0000020f1dde08c0, 0x0000020f1dde9550]

GC Heap History (4 events):
Event: 0.415 GC heap before
{Heap before GC invocations=0 (full 0):
 garbage-first heap   total 196608K, used 14336K [0x0000000700800000, 0x00000007c0000000)
  region size 1024K, 14 young (14336K), 0 survivors (0K)
 Metaspace       used 6235K, capacity 6293K, committed 6528K, reserved 1056768K
  class space    used 506K, capacity 519K, committed 640K, reserved 1048576K
}
Event: 0.417 GC heap after
{Heap after GC invocations=1 (full 0):
 garbage-first heap   total 196608K, used 1157K [0x0000000700800000, 0x00000007c0000000)
  region size 1024K, 2 young (2048K), 2 survivors (2048K)
 Metaspace       used 6235K, capacity 6293K, committed 6528K, reserved 1056768K
  class space    used 506K, capacity 519K, committed 640K, reserved 1048576K
}
Event: 0.482 GC heap before
{Heap before GC invocations=1 (full 0):
 garbage-first heap   total 196608K, used 116869K [0x0000000700800000, 0x00000007c0000000)
  region size 1024K, 115 young (117760K), 2 survivors (2048K)
 Metaspace       used 6250K, capacity 6293K, committed 6528K, reserved 1056768K
  class space    used 506K, capacity 519K, committed 640K, reserved 1048576K
}
Event: 0.484 GC heap after
{Heap after GC invocations=2 (full 0):
 garbage-first heap   total 196608K, used 1270K [0x0000000700800000, 0x00000007c0000000)
  region size 1024K, 2 young (2048K), 2 survivors (2048K)
 Metaspace       used 6250K, capacity 6293K, committed 6528K, reserved 1056768K
  class space    used 506K, capacity 519K, committed 640K, reserved 1048576K
}

Deoptimization events (6 events):
Event: 0.188 Thread 0x0000020f0af67000 Uncommon trap: reason=unstable_if action=reinterpret pc=0x0000020f1ddbe580 method=java.util.HashMap.putVal(ILjava/lang/Object;Ljava/lang/Object;ZZ)Ljava/lang/Object; @ 69 c2
Event: 0.188 Thread 0x0000020f0af67000 Uncommon trap: reason=unstable_if action=reinterpret pc=0x0000020f1ddbacf4 method=java.util.HashMap.putVal(ILjava/lang/Object;Ljava/lang/Object;ZZ)Ljava/lang/Object; @ 69 c2
Event: 0.231 Thread 0x0000020f0af67000 Uncommon trap: reason=unstable_if action=reinterpret pc=0x0000020f1ddb3734 method=java.lang.String.hashCode()I @ 14 c2
Event: 0.251 Thread 0x0000020f0af67000 Uncommon trap: reason=unstable_if action=reinterpret pc=0x0000020f1ddc177c method=java.lang.String.isLatin1()Z @ 10 c2
Event: 0.324 Thread 0x0000020f0af67000 Uncommon trap: reason=unstable_if action=reinterpret pc=0x0000020f1ddc2f84 method=java.lang.String.charAt(I)C @ 4 c2
Event: 0.493 Thread 0x0000020f0af67000 Uncommon trap: reason=unstable_if action=reinterpret pc=0x0000020f1ddd3568 method=java.io.BufferedReader.readLine(Z)Ljava/lang/String; @ 55 c2

Classes redefined (4 events):
Event: 578.955 Thread 0x0000020f2f212800 redefined class name=Main, count=1
Event: 634.745 Thread 0x0000020f2f212800 redefined class name=Main, count=2
Event: 898.639 Thread 0x0000020f2f212800 redefined class name=Main, count=3
Event: 906.903 Thread 0x0000020f2f212800 redefined class name=Main, count=4

Internal exceptions (0 events):
No events

Events (10 events):
Event: 906.904 Executing VM operation: GetFrameCount done
Event: 906.904 Executing VM operation: GetFrameLocation
Event: 906.904 Executing VM operation: GetFrameLocation done
Event: 906.910 Executing VM operation: ChangeBreakpoints
Event: 906.910 Executing VM operation: ChangeBreakpoints done
Event: 906.911 Executing VM operation: ChangeBreakpoints
Event: 906.911 Executing VM operation: ChangeBreakpoints done
Event: 906.912 Executing VM operation: ChangeBreakpoints
Event: 906.912 Executing VM operation: ChangeBreakpoints done
Event: 906.915 Executing VM operation: GetOrSetLocal


Dynamic libraries:
0x00007ff7f6100000 - 0x00007ff7f613e000 	C:\Program Files\Java\jdk-10.0.2\bin\java.exe
0x00007ff820050000 - 0x00007ff820230000 	C:\WINDOWS\SYSTEM32\ntdll.dll
0x00007ffffab80000 - 0x00007ffffabb4000 	C:\Program Files\AVAST Software\Avast\x64\aswhooka.dll
0x00007ff81d630000 - 0x00007ff81d6de000 	C:\WINDOWS\System32\KERNEL32.DLL
0x00007ff81d2b0000 - 0x00007ff81d516000 	C:\WINDOWS\System32\KERNELBASE.dll
0x00007ff81fdc0000 - 0x00007ff81fe61000 	C:\WINDOWS\System32\ADVAPI32.dll
0x00007ff81fd20000 - 0x00007ff81fdbd000 	C:\WINDOWS\System32\msvcrt.dll
0x00007ff81df20000 - 0x00007ff81df7b000 	C:\WINDOWS\System32\sechost.dll
0x00007ff81ff00000 - 0x00007ff82001f000 	C:\WINDOWS\System32\RPCRT4.dll
0x00007ff81dd90000 - 0x00007ff81df1f000 	C:\WINDOWS\System32\USER32.dll
0x00007ff81cf90000 - 0x00007ff81cfb0000 	C:\WINDOWS\System32\win32u.dll
0x00007ff81d900000 - 0x00007ff81d928000 	C:\WINDOWS\System32\GDI32.dll
0x00007ff81cfb0000 - 0x00007ff81d143000 	C:\WINDOWS\System32\gdi32full.dll
0x00007ff81cdc0000 - 0x00007ff81ce5b000 	C:\WINDOWS\System32\msvcp_win.dll
0x00007ff81d1b0000 - 0x00007ff81d2a6000 	C:\WINDOWS\System32\ucrtbase.dll
0x00007ff80b720000 - 0x00007ff80b989000 	C:\WINDOWS\WinSxS\amd64_microsoft.windows.common-controls_6595b64144ccf1df_6.0.16299.431_none_15c7d3ee93659e73\COMCTL32.dll
0x00007ff81e3e0000 - 0x00007ff81e6e8000 	C:\WINDOWS\System32\combase.dll
0x00007ff81cf10000 - 0x00007ff81cf82000 	C:\WINDOWS\System32\bcryptPrimitives.dll
0x00007ff8166c0000 - 0x00007ff8166ca000 	C:\WINDOWS\SYSTEM32\VERSION.dll
0x00007ff81e140000 - 0x00007ff81e16d000 	C:\WINDOWS\System32\IMM32.DLL
0x00007ffff5690000 - 0x00007ffff577f000 	C:\Program Files\Java\jdk-10.0.2\bin\msvcr120.dll
0x00007ffff55e0000 - 0x00007ffff5686000 	C:\Program Files\Java\jdk-10.0.2\bin\msvcp120.dll
0x000000006c840000 - 0x000000006d2b0000 	C:\Program Files\Java\jdk-10.0.2\bin\server\jvm.dll
0x00007ff81e130000 - 0x00007ff81e138000 	C:\WINDOWS\System32\PSAPI.DLL
0x00007ff80d940000 - 0x00007ff80d949000 	C:\WINDOWS\SYSTEM32\WSOCK32.dll
0x00007ff81fe90000 - 0x00007ff81fefc000 	C:\WINDOWS\System32\WS2_32.dll
0x00007ff81a4a0000 - 0x00007ff81a4c3000 	C:\WINDOWS\SYSTEM32\WINMM.dll
0x00007ff81a440000 - 0x00007ff81a46a000 	C:\WINDOWS\SYSTEM32\WINMMBASE.dll
0x00007ff81c620000 - 0x00007ff81c66a000 	C:\WINDOWS\System32\cfgmgr32.dll
0x00007ff80e500000 - 0x00007ff80e50f000 	C:\Program Files\Java\jdk-10.0.2\bin\verify.dll
0x00007ff808560000 - 0x00007ff808728000 	C:\WINDOWS\SYSTEM32\DBGHELP.DLL
0x00007ff80ca60000 - 0x00007ff80ca89000 	C:\WINDOWS\SYSTEM32\dbgcore.DLL
0x00007ff807e90000 - 0x00007ff807eb7000 	C:\Program Files\Java\jdk-10.0.2\bin\java.dll
0x00007ff804490000 - 0x00007ff8044c6000 	C:\Program Files\Java\jdk-10.0.2\bin\jdwp.dll
0x00007ff8071a0000 - 0x00007ff8071ca000 	C:\Program Files\Java\jdk-10.0.2\bin\instrument.dll
0x00007ff807210000 - 0x00007ff807226000 	C:\Program Files\Java\jdk-10.0.2\bin\zip.dll
0x00007ff8094e0000 - 0x00007ff8094ea000 	C:\Program Files\Java\jdk-10.0.2\bin\jimage.dll
0x00007ff81e8e0000 - 0x00007ff81fd18000 	C:\WINDOWS\System32\SHELL32.dll
0x00007ff81e6f0000 - 0x00007ff81e796000 	C:\WINDOWS\System32\shcore.dll
0x00007ff81c670000 - 0x00007ff81cdb7000 	C:\WINDOWS\System32\windows.storage.dll
0x00007ff81e7a0000 - 0x00007ff81e7f1000 	C:\WINDOWS\System32\shlwapi.dll
0x00007ff81c3a0000 - 0x00007ff81c3b1000 	C:\WINDOWS\System32\kernel.appcore.dll
0x00007ff81c3e0000 - 0x00007ff81c42c000 	C:\WINDOWS\System32\powrprof.dll
0x00007ff81c3c0000 - 0x00007ff81c3db000 	C:\WINDOWS\System32\profapi.dll
0x00007ff807e80000 - 0x00007ff807e8a000 	C:\Program Files\Java\jdk-10.0.2\bin\dt_socket.dll
0x00007ff81bc30000 - 0x00007ff81bc96000 	C:\WINDOWS\system32\mswsock.dll
0x00007ff806190000 - 0x00007ff8061aa000 	C:\Program Files\Java\jdk-10.0.2\bin\net.dll
0x00007ff818700000 - 0x00007ff8187de000 	C:\WINDOWS\SYSTEM32\WINHTTP.dll
0x00007ff805180000 - 0x00007ff805191000 	C:\Program Files\Java\jdk-10.0.2\bin\nio.dll

dbghelp: loaded successfully - version: 4.0.5 - missing functions: none
symbol engine: initialized successfully - sym options: 0x614 - pdb path: .;C:\Program Files\Java\jdk-10.0.2\bin;C:\WINDOWS\SYSTEM32;C:\Program Files\AVAST Software\Avast\x64;C:\WINDOWS\WinSxS\amd64_microsoft.windows.common-controls_6595b64144ccf1df_6.0.16299.431_none_15c7d3ee93659e73;C:\Program Files\Java\jdk-10.0.2\bin\server

VM Arguments:
jvm_args: -agentlib:jdwp=transport=dt_socket,address=127.0.0.1:65504,suspend=y,server=n -javaagent:C:\Users\tufar\.IdeaIC2018.2\system\captureAgent\debugger-agent.jar=file:/C:/Users/tufar/AppData/Local/Temp/capture.props -Dfile.encoding=UTF-8 
java_command: Main
java_class_path (initial): C:\Users\tufar\Desktop\SpectralAnalysisTest\src\bin;C:\Program Files\JetBrains\IntelliJ IDEA Community Edition 2018.2.2\lib\idea_rt.jar
Launcher Type: SUN_STANDARD

Logging:
Log output configuration:
#0: stdout all=warning uptime,level,tags
#1: stderr all=off uptime,level,tags

Environment Variables:
PATH=C:\Program Files (x86)\Mozilla Firefox;C:\Program Files (x86)\Common Files\Oracle\Java\javapath;C:\Program Files (x86)\NVIDIA Corporation\PhysX\Common;C:\ProgramData\Oracle\Java\javapath;C:\WINDOWS\system32;C:\WINDOWS;C:\WINDOWS\System32\Wbem;C:\WINDOWS\System32\WindowsPowerShell\v1.0\;C:\Program Files (x86)\ATI Technologies\ATI.ACE\Core-Static;C:\Program Files (x86)\AMD\ATI.ACE\Core-Static;C:\Program Files (x86)\Windows Kits\8.1\Windows Performance Toolkit\;C:\Program Files\Git\cmd;C:\Program Files (x86)\Skype\Phone\;C:\Program Files (x86)\GtkSharp\2.12\bin;C:\Program Files\Microsoft VS Code\bin;C:\Program Files\nodejs\;C:\Program Files\PuTTY\;C:\Users\tufar\AppData\Local\Microsoft\WindowsApps;C:\Program Files (x86)\CMake 2.8\bin;C:\Users\tufar\AppData\Roaming\npm
USERNAME=tufar
OS=Windows_NT
PROCESSOR_IDENTIFIER=Intel64 Family 6 Model 42 Stepping 7, GenuineIntel



---------------  S Y S T E M  ---------------

OS: Windows 10 , 64 bit Build 16299 (10.0.16299.431)

CPU:total 4 (initial active 4) (4 cores per cpu, 1 threads per core) family 6 model 42 stepping 7, cmov, cx8, fxsr, mmx, sse, sse2, sse3, ssse3, sse4.1, sse4.2, popcnt, avx, aes, clmul, tsc, tscinvbit

Memory: 4k page, physical 12549272k(3936136k free), swap 19649008k(2540156k free)

vm_info: Java HotSpot(TM) 64-Bit Server VM (10.0.2+13) for windows-amd64 JRE (10.0.2+13), built on Jun 28 2018 01:57:56 by "mach5one" with MS VC++ 12.0 (VS2013)

END.
